[    2344ms] [ERROR] Failed to load resource: the server responded with a status of 404 () @ https://datawhalechina.github.io/favicon.ico:0
[    2892ms] Uncaught TypeError: Cannot read properties of undefined (reading 'unshift')
    at y (https://cdn.jsdelivr.net/npm/docsify/lib/plugins/search.min.js:0:473)
    at <anonymous> (https://cdn.jsdelivr.net/npm/docsify/lib/plugins/search.min.js:0:1298)
    at b (https://cdn.jsdelivr.net/npm/docsify/lib/plugins/search.min.js:0:749)
    at <anonymous> (https://cdn.jsdelivr.net/npm/docsify/lib/plugins/search.min.js:0:3409)
    at <anonymous> (https://cdn.jsdelivr.net/npm/docsify@latest/lib/docsify.min.js:0:7526)
[    2897ms] Uncaught TypeError: Cannot read properties of undefined (reading 'unshift')
    at y (https://cdn.jsdelivr.net/npm/docsify/lib/plugins/search.min.js:0:473)
    at <anonymous> (https://cdn.jsdelivr.net/npm/docsify/lib/plugins/search.min.js:0:1298)
    at b (https://cdn.jsdelivr.net/npm/docsify/lib/plugins/search.min.js:0:749)
    at <anonymous> (https://cdn.jsdelivr.net/npm/docsify/lib/plugins/search.min.js:0:3409)
    at <anonymous> (https://cdn.jsdelivr.net/npm/docsify@latest/lib/docsify.min.js:0:7526)
[    2983ms] [ERROR] Failed to load resource: the server responded with a status of 404 () @ https://datawhalechina.github.io/all-in-rag/chapter10/README.md:0
[    3153ms] Uncaught TypeError: Cannot read properties of undefined (reading 'unshift')
    at y (https://cdn.jsdelivr.net/npm/docsify/lib/plugins/search.min.js:0:473)
    at <anonymous> (https://cdn.jsdelivr.net/npm/docsify/lib/plugins/search.min.js:0:1298)
    at b (https://cdn.jsdelivr.net/npm/docsify/lib/plugins/search.min.js:0:749)
    at <anonymous> (https://cdn.jsdelivr.net/npm/docsify/lib/plugins/search.min.js:0:3409)
    at <anonymous> (https://cdn.jsdelivr.net/npm/docsify@latest/lib/docsify.min.js:0:7526)
[    3159ms] Uncaught TypeError: Cannot read properties of undefined (reading 'unshift')
    at y (https://cdn.jsdelivr.net/npm/docsify/lib/plugins/search.min.js:0:473)
    at <anonymous> (https://cdn.jsdelivr.net/npm/docsify/lib/plugins/search.min.js:0:1353)
    at b (https://cdn.jsdelivr.net/npm/docsify/lib/plugins/search.min.js:0:749)
    at <anonymous> (https://cdn.jsdelivr.net/npm/docsify/lib/plugins/search.min.js:0:3409)
    at <anonymous> (https://cdn.jsdelivr.net/npm/docsify@latest/lib/docsify.min.js:0:7526)
[    3162ms] Uncaught TypeError: Cannot read properties of undefined (reading 'unshift')
    at y (https://cdn.jsdelivr.net/npm/docsify/lib/plugins/search.min.js:0:473)
    at <anonymous> (https://cdn.jsdelivr.net/npm/docsify/lib/plugins/search.min.js:0:1298)
    at b (https://cdn.jsdelivr.net/npm/docsify/lib/plugins/search.min.js:0:749)
    at <anonymous> (https://cdn.jsdelivr.net/npm/docsify/lib/plugins/search.min.js:0:3409)
    at <anonymous> (https://cdn.jsdelivr.net/npm/docsify@latest/lib/docsify.min.js:0:7526)
[    3182ms] Uncaught TypeError: Cannot read properties of undefined (reading 'unshift')
    at y (https://cdn.jsdelivr.net/npm/docsify/lib/plugins/search.min.js:0:473)
    at <anonymous> (https://cdn.jsdelivr.net/npm/docsify/lib/plugins/search.min.js:0:1353)
    at b (https://cdn.jsdelivr.net/npm/docsify/lib/plugins/search.min.js:0:749)
    at <anonymous> (https://cdn.jsdelivr.net/npm/docsify/lib/plugins/search.min.js:0:3409)
    at <anonymous> (https://cdn.jsdelivr.net/npm/docsify@latest/lib/docsify.min.js:0:7526)
[    3185ms] Uncaught TypeError: Cannot read properties of undefined (reading 'unshift')
    at y (https://cdn.jsdelivr.net/npm/docsify/lib/plugins/search.min.js:0:473)
    at <anonymous> (https://cdn.jsdelivr.net/npm/docsify/lib/plugins/search.min.js:0:1298)
    at b (https://cdn.jsdelivr.net/npm/docsify/lib/plugins/search.min.js:0:749)
    at <anonymous> (https://cdn.jsdelivr.net/npm/docsify/lib/plugins/search.min.js:0:3409)
    at <anonymous> (https://cdn.jsdelivr.net/npm/docsify@latest/lib/docsify.min.js:0:7526)
