[    1929ms] Uncaught TypeError: Cannot read properties of undefined (reading 'unshift')
    at y (https://cdn.jsdelivr.net/npm/docsify/lib/plugins/search.min.js:0:473)
    at <anonymous> (https://cdn.jsdelivr.net/npm/docsify/lib/plugins/search.min.js:0:1353)
    at b (https://cdn.jsdelivr.net/npm/docsify/lib/plugins/search.min.js:0:749)
    at <anonymous> (https://cdn.jsdelivr.net/npm/docsify/lib/plugins/search.min.js:0:3409)
    at <anonymous> (https://cdn.jsdelivr.net/npm/docsify@latest/lib/docsify.min.js:0:7526)
[    1934ms] Uncaught TypeError: Cannot read properties of undefined (reading 'unshift')
    at y (https://cdn.jsdelivr.net/npm/docsify/lib/plugins/search.min.js:0:473)
    at <anonymous> (https://cdn.jsdelivr.net/npm/docsify/lib/plugins/search.min.js:0:1298)
    at b (https://cdn.jsdelivr.net/npm/docsify/lib/plugins/search.min.js:0:749)
    at <anonymous> (https://cdn.jsdelivr.net/npm/docsify/lib/plugins/search.min.js:0:3409)
    at <anonymous> (https://cdn.jsdelivr.net/npm/docsify@latest/lib/docsify.min.js:0:7526)
[    1934ms] Uncaught TypeError: Cannot read properties of undefined (reading 'unshift')
    at y (https://cdn.jsdelivr.net/npm/docsify/lib/plugins/search.min.js:0:473)
    at <anonymous> (https://cdn.jsdelivr.net/npm/docsify/lib/plugins/search.min.js:0:1298)
    at b (https://cdn.jsdelivr.net/npm/docsify/lib/plugins/search.min.js:0:749)
    at <anonymous> (https://cdn.jsdelivr.net/npm/docsify/lib/plugins/search.min.js:0:3409)
    at <anonymous> (https://cdn.jsdelivr.net/npm/docsify@latest/lib/docsify.min.js:0:7526)
[    1935ms] Uncaught TypeError: Cannot read properties of undefined (reading 'unshift')
    at y (https://cdn.jsdelivr.net/npm/docsify/lib/plugins/search.min.js:0:473)
    at <anonymous> (https://cdn.jsdelivr.net/npm/docsify/lib/plugins/search.min.js:0:1298)
    at b (https://cdn.jsdelivr.net/npm/docsify/lib/plugins/search.min.js:0:749)
    at <anonymous> (https://cdn.jsdelivr.net/npm/docsify/lib/plugins/search.min.js:0:3409)
    at <anonymous> (https://cdn.jsdelivr.net/npm/docsify@latest/lib/docsify.min.js:0:7526)
[    1936ms] Uncaught TypeError: Cannot read properties of undefined (reading 'unshift')
    at y (https://cdn.jsdelivr.net/npm/docsify/lib/plugins/search.min.js:0:473)
    at <anonymous> (https://cdn.jsdelivr.net/npm/docsify/lib/plugins/search.min.js:0:1298)
    at b (https://cdn.jsdelivr.net/npm/docsify/lib/plugins/search.min.js:0:749)
    at <anonymous> (https://cdn.jsdelivr.net/npm/docsify/lib/plugins/search.min.js:0:3409)
    at <anonymous> (https://cdn.jsdelivr.net/npm/docsify@latest/lib/docsify.min.js:0:7526)
[    1941ms] Uncaught TypeError: Cannot read properties of undefined (reading 'unshift')
    at y (https://cdn.jsdelivr.net/npm/docsify/lib/plugins/search.min.js:0:473)
    at <anonymous> (https://cdn.jsdelivr.net/npm/docsify/lib/plugins/search.min.js:0:1353)
    at b (https://cdn.jsdelivr.net/npm/docsify/lib/plugins/search.min.js:0:749)
    at <anonymous> (https://cdn.jsdelivr.net/npm/docsify/lib/plugins/search.min.js:0:3409)
    at <anonymous> (https://cdn.jsdelivr.net/npm/docsify@latest/lib/docsify.min.js:0:7526)
[    1941ms] [ERROR] Failed to load resource: the server responded with a status of 404 () @ https://datawhalechina.github.io/all-in-rag/chapter10/README.md:0
[    1942ms] Uncaught TypeError: Cannot read properties of undefined (reading 'unshift')
    at y (https://cdn.jsdelivr.net/npm/docsify/lib/plugins/search.min.js:0:473)
    at <anonymous> (https://cdn.jsdelivr.net/npm/docsify/lib/plugins/search.min.js:0:1298)
    at b (https://cdn.jsdelivr.net/npm/docsify/lib/plugins/search.min.js:0:749)
    at <anonymous> (https://cdn.jsdelivr.net/npm/docsify/lib/plugins/search.min.js:0:3409)
    at <anonymous> (https://cdn.jsdelivr.net/npm/docsify@latest/lib/docsify.min.js:0:7526)
[    2136ms] [ERROR] Failed to load resource: the server responded with a status of 404 () @ https://datawhalechina.github.io/favicon.ico:0
